<?xml version="1.0" encoding="UTF-8" ?>
<testsuite tests="2" failures="0" name="CalculatorTest" time="0.003" errors="0" skipped="0">
  <properties>
    <property name="idea.version" value="2021.1"/>
    <property name="java.runtime.name" value="OpenJDK Runtime Environment"/>
    <property name="sun.boot.library.path" value="C:\Program Files\Java\java-1.8.0-openjdk\jre\bin"/>
    <property name="java.vm.version" value="25.282-b08"/>
    <property name="java.vm.vendor" value="AdoptOpenJDK"/>
    <property name="maven.multiModuleProjectDirectory" value="D:\Projects\SilkCentralDemo"/>
    <property name="java.vendor.url" value="https://adoptopenjdk.net/"/>
    <property name="path.separator" value=";"/>
    <property name="guice.disable.misplaced.annotation.check" value="true"/>
    <property name="java.vm.name" value="OpenJDK 64-Bit Server VM"/>
    <property name="file.encoding.pkg" value="sun.io"/>
    <property name="user.script" value=""/>
    <property name="user.country" value="US"/>
    <property name="sun.java.launcher" value="SUN_STANDARD"/>
    <property name="sun.os.patch.level" value=""/>
    <property name="java.vm.specification.name" value="Java Virtual Machine Specification"/>
    <property name="user.dir" value="D:\Projects\SilkCentralDemo"/>
    <property name="java.runtime.version" value="1.8.0_282-b08"/>
    <property name="java.awt.graphicsenv" value="sun.awt.Win32GraphicsEnvironment"/>
    <property name="java.endorsed.dirs" value="C:\Program Files\Java\java-1.8.0-openjdk\jre\lib\endorsed"/>
    <property name="os.arch" value="amd64"/>
    <property name="java.io.tmpdir" value="C:\Users\AOncea\AppData\Local\Temp\"/>
    <property name="line.separator" value="
"/>
    <property name="java.vm.specification.vendor" value="Oracle Corporation"/>
    <property name="user.variant" value=""/>
    <property name="os.name" value="Windows 10"/>
    <property name="maven.ext.class.path" value="C:\Users\AOncea\AppData\Local\JetBrains\Toolbox\apps\IDEA-U\ch-0\211.6693.65\plugins\maven\lib\maven-event-listener.jar"/>
    <property name="classworlds.conf" value="C:\Users\AOncea\AppData\Local\JetBrains\Toolbox\apps\IDEA-U\ch-0\211.6693.65\plugins\maven\lib\maven3\bin\m2.conf"/>
    <property name="sun.jnu.encoding" value="Cp1252"/>
    <property name="java.library.path" value="C:\Program Files\Java\java-1.8.0-openjdk\bin;C:\windows\Sun\Java\bin;C:\windows\system32;C:\windows;C:\windows\system32;C:\windows;C:\windows\System32\Wbem;C:\windows\System32\WindowsPowerShell\v1.0\;C:\windows\System32\OpenSSH\;C:\Program Files\Java\java-1.8.0-openjdk\bin;C:\Program Files\Novell\iPrint;C:\Program Files\Maven\apache-maven-3.8.1\bin;C:\Program Files\Git\cmd;C:\Users\AOncea\AppData\Local\Microsoft\WindowsApps;;."/>
    <property name="maven.conf" value="C:\Users\AOncea\AppData\Local\JetBrains\Toolbox\apps\IDEA-U\ch-0\211.6693.65\plugins\maven\lib\maven3/conf"/>
    <property name="java.specification.name" value="Java Platform API Specification"/>
    <property name="java.class.version" value="52.0"/>
    <property name="sun.management.compiler" value="HotSpot 64-Bit Tiered Compilers"/>
    <property name="os.version" value="10.0"/>
    <property name="user.home" value="C:\Users\AOncea"/>
    <property name="user.timezone" value="Europe/Athens"/>
    <property name="java.awt.printerjob" value="sun.awt.windows.WPrinterJob"/>
    <property name="java.specification.version" value="1.8"/>
    <property name="file.encoding" value="UTF-8"/>
    <property name="user.name" value="AOncea"/>
    <property name="java.class.path" value="C:\Users\AOncea\AppData\Local\JetBrains\Toolbox\apps\IDEA-U\ch-0\211.6693.65\plugins\maven\lib\maven3\boot\plexus-classworlds-2.6.0.jar;C:\Users\AOncea\AppData\Local\JetBrains\Toolbox\apps\IDEA-U\ch-0\211.6693.65\plugins\maven\lib\maven3\boot\plexus-classworlds.license;C:\Users\AOncea\AppData\Local\JetBrains\Toolbox\apps\IDEA-U\ch-0\211.6693.65\lib\idea_rt.jar"/>
    <property name="java.vm.specification.version" value="1.8"/>
    <property name="sun.arch.data.model" value="64"/>
    <property name="java.home" value="C:\Program Files\Java\java-1.8.0-openjdk\jre"/>
    <property name="sun.java.command" value="org.codehaus.classworlds.Launcher -Didea.version=2021.1 clean install"/>
    <property name="java.specification.vendor" value="Oracle Corporation"/>
    <property name="user.language" value="en"/>
    <property name="awt.toolkit" value="sun.awt.windows.WToolkit"/>
    <property name="java.vm.info" value="mixed mode"/>
    <property name="java.version" value="1.8.0_282"/>
    <property name="java.ext.dirs" value="C:\Program Files\Java\java-1.8.0-openjdk\jre\lib\ext;C:\windows\Sun\Java\lib\ext"/>
    <property name="sun.boot.class.path" value="C:\Program Files\Java\java-1.8.0-openjdk\jre\lib\resources.jar;C:\Program Files\Java\java-1.8.0-openjdk\jre\lib\rt.jar;C:\Program Files\Java\java-1.8.0-openjdk\jre\lib\sunrsasign.jar;C:\Program Files\Java\java-1.8.0-openjdk\jre\lib\jsse.jar;C:\Program Files\Java\java-1.8.0-openjdk\jre\lib\jce.jar;C:\Program Files\Java\java-1.8.0-openjdk\jre\lib\charsets.jar;C:\Program Files\Java\java-1.8.0-openjdk\jre\lib\jfr.jar;C:\Program Files\Java\java-1.8.0-openjdk\jre\classes"/>
    <property name="java.vendor" value="AdoptOpenJDK"/>
    <property name="maven.home" value="C:\Users\AOncea\AppData\Local\JetBrains\Toolbox\apps\IDEA-U\ch-0\211.6693.65\plugins\maven\lib\maven3"/>
    <property name="file.separator" value="\"/>
    <property name="java.vendor.url.bug" value="https://github.com/AdoptOpenJDK/openjdk-support/issues"/>
    <property name="sun.cpu.endian" value="little"/>
    <property name="sun.io.unicode.encoding" value="UnicodeLittle"/>
    <property name="sun.desktop" value="windows"/>
    <property name="sun.cpu.isalist" value="amd64"/>
  </properties>
  <testcase classname="CalculatorTest" name="testAdd" time="0.003"/>
  <testcase classname="CalculatorTest" name="testMultimply" time="0"/>
</testsuite>